0 info it worked if it ends with ok
1 verbose cli [ 'node', '/usr/local/bin/npm', 'install', '-g', 'eslint' ]
2 info using npm@1.4.28
3 info using node@v0.10.35
4 verbose cache add [ 'eslint', null ]
5 verbose cache add name=undefined spec="eslint" args=["eslint",null]
6 verbose parsed url { protocol: null,
6 verbose parsed url   slashes: null,
6 verbose parsed url   auth: null,
6 verbose parsed url   host: null,
6 verbose parsed url   port: null,
6 verbose parsed url   hostname: null,
6 verbose parsed url   hash: null,
6 verbose parsed url   search: null,
6 verbose parsed url   query: null,
6 verbose parsed url   pathname: 'eslint',
6 verbose parsed url   path: 'eslint',
6 verbose parsed url   href: 'eslint' }
7 silly lockFile e0b0b266-eslint eslint
8 verbose lock eslint /Users/Edwin/.npm/e0b0b266-eslint.lock
9 silly lockFile e0b0b266-eslint eslint
10 silly lockFile e0b0b266-eslint eslint
11 verbose addNamed [ 'eslint', '' ]
12 verbose addNamed [ null, '*' ]
13 silly lockFile 62e46387-eslint eslint@
14 verbose lock eslint@ /Users/Edwin/.npm/62e46387-eslint.lock
15 silly addNameRange { name: 'eslint', range: '*', hasData: false }
16 verbose request where is /eslint
17 verbose request registry https://registry.npmjs.org/
18 verbose request id 88d9c2d2eceb4da0
19 verbose url raw /eslint
20 verbose url resolving [ 'https://registry.npmjs.org/', './eslint' ]
21 verbose url resolved https://registry.npmjs.org/eslint
22 verbose request where is https://registry.npmjs.org/eslint
23 info trying registry request attempt 1 at 11:33:48
24 http GET https://registry.npmjs.org/eslint
25 http 200 https://registry.npmjs.org/eslint
26 silly registry.get cb [ 200,
26 silly registry.get   { date: 'Mon, 26 Jan 2015 16:33:48 GMT',
26 silly registry.get     server: 'CouchDB/1.5.0 (Erlang OTP/R16B03)',
26 silly registry.get     etag: '"53RWGVN4DJHFUYA7ASXHFZ1EZ"',
26 silly registry.get     'content-type': 'application/json',
26 silly registry.get     'cache-control': 'max-age=60',
26 silly registry.get     'content-length': '85854',
26 silly registry.get     'accept-ranges': 'bytes',
26 silly registry.get     via: '1.1 varnish',
26 silly registry.get     age: '0',
26 silly registry.get     'x-served-by': 'cache-ord1720-ORD',
26 silly registry.get     'x-cache': 'HIT',
26 silly registry.get     'x-cache-hits': '1',
26 silly registry.get     'x-timer': 'S1422290028.396997,VS0,VE30',
26 silly registry.get     vary: 'Accept',
26 silly registry.get     'keep-alive': 'timeout=10, max=50',
26 silly registry.get     connection: 'Keep-Alive' } ]
27 silly addNameRange number 2 { name: 'eslint', range: '*', hasData: true }
28 silly addNameRange versions [ 'eslint',
28 silly addNameRange   [ '0.0.4',
28 silly addNameRange     '0.0.5',
28 silly addNameRange     '0.0.6',
28 silly addNameRange     '0.0.7',
28 silly addNameRange     '0.1.0-dev',
28 silly addNameRange     '0.1.0',
28 silly addNameRange     '0.1.1',
28 silly addNameRange     '0.1.2',
28 silly addNameRange     '0.1.3',
28 silly addNameRange     '0.1.4',
28 silly addNameRange     '0.2.0',
28 silly addNameRange     '0.3.0',
28 silly addNameRange     '0.4.0',
28 silly addNameRange     '0.4.1',
28 silly addNameRange     '0.4.2',
28 silly addNameRange     '0.4.3',
28 silly addNameRange     '0.4.4',
28 silly addNameRange     '0.4.5',
28 silly addNameRange     '0.5.0',
28 silly addNameRange     '0.5.1',
28 silly addNameRange     '0.6.0',
28 silly addNameRange     '0.6.1',
28 silly addNameRange     '0.6.2',
28 silly addNameRange     '0.7.1',
28 silly addNameRange     '0.7.2',
28 silly addNameRange     '0.7.3',
28 silly addNameRange     '0.7.4',
28 silly addNameRange     '0.8.0',
28 silly addNameRange     '0.8.1',
28 silly addNameRange     '0.8.2',
28 silly addNameRange     '0.9.0',
28 silly addNameRange     '0.9.1',
28 silly addNameRange     '0.9.2',
28 silly addNameRange     '0.10.0-alpha',
28 silly addNameRange     '0.10.0-alpha.1',
28 silly addNameRange     '0.10.0-alpha.2',
28 silly addNameRange     '0.10.0',
28 silly addNameRange     '0.11.0-alpha.0',
28 silly addNameRange     '0.10.1',
28 silly addNameRange     '0.10.2',
28 silly addNameRange     '0.11.0',
28 silly addNameRange     '0.12.0',
28 silly addNameRange     '0.13.0' ] ]
29 verbose addNamed [ 'eslint', '0.13.0' ]
30 verbose addNamed [ '0.13.0', '0.13.0' ]
31 silly lockFile 85270ce3-eslint-0-13-0 eslint@0.13.0
32 verbose lock eslint@0.13.0 /Users/Edwin/.npm/85270ce3-eslint-0-13-0.lock
33 silly lockFile bf3610b3-mjs-org-eslint-eslint-0-13-0-tgz https://registry.npmjs.org/eslint/-/eslint-0.13.0.tgz
34 verbose lock https://registry.npmjs.org/eslint/-/eslint-0.13.0.tgz /Users/Edwin/.npm/bf3610b3-mjs-org-eslint-eslint-0-13-0-tgz.lock
35 verbose addRemoteTarball [ 'https://registry.npmjs.org/eslint/-/eslint-0.13.0.tgz',
35 verbose addRemoteTarball   '962f8f6e0f31a0c0e36c4604c43e6aeb4d24bdfa' ]
36 info retry fetch attempt 1 at 11:33:48
37 verbose fetch to= /var/folders/l4/95_d8mlj2rx_l3kr6ytdw9nh0000gn/T/npm-13184-XsFlWU7a/registry.npmjs.org/eslint/-/eslint-0.13.0.tgz
38 http GET https://registry.npmjs.org/eslint/-/eslint-0.13.0.tgz
39 http 200 https://registry.npmjs.org/eslint/-/eslint-0.13.0.tgz
40 silly lockFile bf3610b3-mjs-org-eslint-eslint-0-13-0-tgz https://registry.npmjs.org/eslint/-/eslint-0.13.0.tgz
41 silly lockFile bf3610b3-mjs-org-eslint-eslint-0-13-0-tgz https://registry.npmjs.org/eslint/-/eslint-0.13.0.tgz
42 silly lockFile 85270ce3-eslint-0-13-0 eslint@0.13.0
43 silly lockFile 85270ce3-eslint-0-13-0 eslint@0.13.0
44 silly lockFile 62e46387-eslint eslint@
45 silly lockFile 62e46387-eslint eslint@
46 silly resolved [ { name: 'eslint',
46 silly resolved     version: '0.13.0',
46 silly resolved     author:
46 silly resolved      { name: 'Nicholas C. Zakas',
46 silly resolved        email: 'nicholas+npm@nczconsulting.com' },
46 silly resolved     description: 'An AST-based pattern checker for JavaScript.',
46 silly resolved     bin: { eslint: './bin/eslint.js' },
46 silly resolved     main: './lib/api.js',
46 silly resolved     scripts:
46 silly resolved      { test: 'node Makefile.js test',
46 silly resolved        lint: 'node Makefile.js lint',
46 silly resolved        patch: 'node Makefile.js patch',
46 silly resolved        minor: 'node Makefile.js minor',
46 silly resolved        major: 'node Makefile.js major',
46 silly resolved        docs: 'node Makefile.js docs',
46 silly resolved        gensite: 'node Makefile.js gensite',
46 silly resolved        browserify: 'node Makefile.js browserify',
46 silly resolved        perf: 'node Makefile.js perf',
46 silly resolved        profile: 'beefy tests/bench/bench.js --open -- -t brfs -t ./tests/bench/xform-rules.js',
46 silly resolved        coveralls: 'cat ./coverage/lcov.info | coveralls' },
46 silly resolved     files: [ 'LICENSE', 'README.md', 'bin', 'conf', 'lib' ],
46 silly resolved     repository: { type: 'git', url: 'https://github.com/eslint/eslint' },
46 silly resolved     homepage: 'http://eslint.org',
46 silly resolved     bugs: { url: 'https://github.com/eslint/eslint/issues/' },
46 silly resolved     dependencies:
46 silly resolved      { chalk: '~0.5.1',
46 silly resolved        'concat-stream': '^1.4.6',
46 silly resolved        debug: '^2.1.1',
46 silly resolved        doctrine: '^0.6.2',
46 silly resolved        'escape-string-regexp': '^1.0.2',
46 silly resolved        escope: '^2.0.3',
46 silly resolved        espree: '^1.7.1',
46 silly resolved        estraverse: '^1.9.1',
46 silly resolved        globals: '^5.1.0',
46 silly resolved        'estraverse-fb': '^1.3.0',
46 silly resolved        'js-yaml': '^3.2.5',
46 silly resolved        minimatch: '^2.0.1',
46 silly resolved        mkdirp: '^0.5.0',
46 silly resolved        'object-assign': '^2.0.0',
46 silly resolved        optionator: '^0.5.0',
46 silly resolved        'strip-json-comments': '~1.0.1',
46 silly resolved        'text-table': '~0.2.0',
46 silly resolved        'user-home': '^1.0.0',
46 silly resolved        'xml-escape': '~1.0.0' },
46 silly resolved     devDependencies:
46 silly resolved      { beefy: '^1.0.0',
46 silly resolved        brfs: '0.0.9',
46 silly resolved        browserify: '^8.1.0',
46 silly resolved        chai: '^1.9.1',
46 silly resolved        coveralls: '2.11.2',
46 silly resolved        dateformat: '^1.0.8',
46 silly resolved        'eslint-tester': '^0.5.0',
46 silly resolved        istanbul: '^0.3.5',
46 silly resolved        jsdoc: '^3.3.0-beta1',
46 silly resolved        jsonlint: '^1.6.2',
46 silly resolved        mocha: '^2.1.0',
46 silly resolved        'mocha-phantomjs': '^3.5.0',
46 silly resolved        'npm-license': '^0.2.3',
46 silly resolved        phantomjs: '^1.9.9',
46 silly resolved        proxyquire: '^1.0.0',
46 silly resolved        semver: '^4.1.0',
46 silly resolved        shelljs: '^0.3.0',
46 silly resolved        'shelljs-nodecli': '~0.1.0',
46 silly resolved        sinon: '^1.12.2',
46 silly resolved        through: '^2.3.6' },
46 silly resolved     keywords: [ 'ast', 'lint', 'javascript', 'ecmascript', 'espree' ],
46 silly resolved     preferGlobal: true,
46 silly resolved     license: 'MIT',
46 silly resolved     engines: { node: '>=0.10' },
46 silly resolved     gitHead: '022f604264dc351dba23fb3e9f4f9bf6a7ca5730',
46 silly resolved     _id: 'eslint@0.13.0',
46 silly resolved     _shasum: '962f8f6e0f31a0c0e36c4604c43e6aeb4d24bdfa',
46 silly resolved     _from: 'eslint@',
46 silly resolved     _npmVersion: '1.4.28',
46 silly resolved     _npmUser: { name: 'nzakas', email: 'nicholas@nczconsulting.com' },
46 silly resolved     maintainers: [ [Object] ],
46 silly resolved     dist:
46 silly resolved      { shasum: '962f8f6e0f31a0c0e36c4604c43e6aeb4d24bdfa',
46 silly resolved        tarball: 'http://registry.npmjs.org/eslint/-/eslint-0.13.0.tgz' },
46 silly resolved     directories: {},
46 silly resolved     _resolved: 'https://registry.npmjs.org/eslint/-/eslint-0.13.0.tgz' } ]
47 info install eslint@0.13.0 into /usr/local/lib
48 info installOne eslint@0.13.0
49 verbose lib/node_modules/eslint unbuild
50 verbose tar unpack /Users/Edwin/.npm/eslint/0.13.0/package.tgz
51 silly lockFile 8a7fbfa2-sr-local-lib-node-modules-eslint tar:///usr/local/lib/node_modules/eslint
52 verbose lock tar:///usr/local/lib/node_modules/eslint /Users/Edwin/.npm/8a7fbfa2-sr-local-lib-node-modules-eslint.lock
53 silly lockFile a8dd8b0f-in-npm-eslint-0-13-0-package-tgz tar:///Users/Edwin/.npm/eslint/0.13.0/package.tgz
54 verbose lock tar:///Users/Edwin/.npm/eslint/0.13.0/package.tgz /Users/Edwin/.npm/a8dd8b0f-in-npm-eslint-0-13-0-package-tgz.lock
55 silly gunzTarPerm modes [ '755', '644' ]
56 error Error: EACCES, mkdir '/usr/local/lib/node_modules/eslint'
56 error  { [Error: EACCES, mkdir '/usr/local/lib/node_modules/eslint']
56 error   errno: 3,
56 error   code: 'EACCES',
56 error   path: '/usr/local/lib/node_modules/eslint',
56 error   fstream_type: 'Directory',
56 error   fstream_path: '/usr/local/lib/node_modules/eslint',
56 error   fstream_class: 'DirWriter',
56 error   fstream_stack:
56 error    [ '/usr/local/lib/node_modules/npm/node_modules/fstream/lib/dir-writer.js:36:23',
56 error      '/usr/local/lib/node_modules/npm/node_modules/mkdirp/index.js:46:53',
56 error      'Object.oncomplete (fs.js:108:15)' ] }
57 error Please try running this command again as root/Administrator.
58 error System Darwin 14.0.0
59 error command "node" "/usr/local/bin/npm" "install" "-g" "eslint"
60 error cwd /Users/Edwin/Documents/School/College/Hanover/Senior/Winter/WebAppDev/GitHubDocs/WebAppsLabs
61 error node -v v0.10.35
62 error npm -v 1.4.28
63 error path /usr/local/lib/node_modules/eslint
64 error fstream_path /usr/local/lib/node_modules/eslint
65 error fstream_type Directory
66 error fstream_class DirWriter
67 error code EACCES
68 error errno 3
69 error stack Error: EACCES, mkdir '/usr/local/lib/node_modules/eslint'
70 error fstream_stack /usr/local/lib/node_modules/npm/node_modules/fstream/lib/dir-writer.js:36:23
70 error fstream_stack /usr/local/lib/node_modules/npm/node_modules/mkdirp/index.js:46:53
70 error fstream_stack Object.oncomplete (fs.js:108:15)
71 verbose exit [ 3, true ]
